版本开发计划
    1.0.0
        风云榜组合数据展示---个股/板块/调仓/在榜天数
        雪球网用户分析---性别/地区/活跃度/粉丝值

    1.0.1
        生成组合                            Done
        链接跳转---用户/组合                  Done
        数据表下载                           Done
        粉丝值排行/发言数排行                 Done
        自定义配置---任选雪球组合进行分析        Done
            用户输入组合关键词进行搜索，选择需要分析的组合添加，后台去抓取组合数据
            添加多个组合后，汇总持仓情况
            个股持仓sql
                SELECT substring_index(group_concat(stock_name order by _id DESC),',',1) as stock_name,stock_id,stock_symbol,segment_name,segment_color,ROUND(SUM(weight),2) AS weight,COUNT(*) AS count,ROUND(SUM(weight)*100/(SELECT ROUND(SUM(weight),2) AS weight FROM (SELECT `holdings`.* from `cube`,`holdings` WHERE `cube`.`id` IN (1773085,1359749,1392200,52627,1423409,1387791) AND `cube`.`view_rebalancing` = `holdings` WHERE `cube`.`id` IN (1773085,1359749,1392200,52627,1423409,1387791) AND `cube`.`view_rebalancing` = `holdings`.`view_rebalancing_id`) AS temp GROUP BY stock_id ORDER BY weight DESC,count DESC;
            板块持仓sql
                SELECT segment_name,segment_color,ROUND(SUM(weight),2) AS weight,COUNT(*) AS count,ROUND(SUM(weight)*100/(SELECT ROUND(SUM(weight),2) AS weight FROM (SELECT `holdings`.* from `cube`,`holdings` WHERE `cube`.`id` IN (1773085,1359749,1392200,52627,1423409,1387791) AND `cube`.`view_rebalancing` = `holdings`.`view_rebalancing_id`) AS temp ),6) AS percent FROM (SELECT `holdings`.* from `cube`,`holdings` WHERE `cube`.`id` IN (1773085,1359749,1392200,52627,1423409,1387791) AND `cube`.`view_rebalancing` = `holdings`.`view_rebalancing_id`) AS temp GROUP BY segment_id ORDER BY weight DESC,count DESC;

    1.0.2
        爬取雪球所有组合数据                                  DONE
            ZH100000递增组合并不一定存在
            按照5月份抓取的用户数据来看，组合共有1043735个
            爬取过快会短暂被封，若无法实现快速爬虫，就改成用户选择后爬取入库（增加一步搜索操作）
        全部调仓历史（当前只抓取第一页，会丢失部分，则不能分析指定日期的调仓情况）
            调仓类型参数-"category": "user_rebalancing","exe_strategy": "intraday_all",
        如何获取组合的历史持仓
            暂时不做


    1.0.3
        雪球用户数据爬取，数据库丢失100万用户数据，需要重新爬取
        任务队列展示
        用户数据分析
            粉丝/关注/发言/组合/自选/性别/地区/匿名用户
            雪球活跃度
        个股详情
            关注人数/今日相关讨论数目/当日交易信息
            个股热度
        用户爬虫整合进本项目，使用定时访问url来进行爬取
            整合完毕，但现在是阻塞的单请求，
        个股关注人数和相关讨论的数据定时更新------------------DONE
        所有计划任务执行结果判断，执行失败的需要重新执行，确保所有数据均维持在最新-----DONE
            组合风云榜、调仓历史、股票关注数及相关讨论数
        代码结构调整-------------------DONE
            模块化
                api-提供接口访问，数据爬取
                common-公共基础库，工具类，数据库操作
                web-前端页面


    1.0.4





每小时变化
每日变化
每周变化
每月变化

请求数
24*4500=108000
*2     =216000


记录数
24*4500=108000
*2     =216000
*30    =6480000/月

redis存储





















    ......


    1.1.0
        改变比重计算逻辑
            1.0.x版本是以组合的百分比直接进行计算，而各组合的净值是有所不同的
            净值5的组合和净值2的组合个股比重均为20%，应以实际净值*百分比计算
            同一组合对个股比重进行调整时，相同比重实际效果应该也是不一样的，上午先卖出20%下午再买入20%，净值大多数情况下是有所区别的
        ......




Redis数据库管理移动端APP
打字出音效